  [1m[35m (421.2ms)[0m  [1m[35mCREATE DATABASE "TaskList_development" ENCODING = 'unicode'[0m
  ↳ bin/rails:9
  [1m[35m (393.1ms)[0m  [1m[35mCREATE DATABASE "TaskList_test" ENCODING = 'unicode'[0m
  ↳ bin/rails:9
Started GET "/" for 127.0.0.1 at 2018-09-17 12:25:17 -0700
Processing by Rails::WelcomeController#index as HTML
  Rendering /Users/nishanthmadichetti/.rvm/gems/ruby-2.5.1/gems/railties-5.2.1/lib/rails/templates/rails/welcome/index.html.erb
  Rendered /Users/nishanthmadichetti/.rvm/gems/ruby-2.5.1/gems/railties-5.2.1/lib/rails/templates/rails/welcome/index.html.erb (2.9ms)
Completed 200 OK in 20ms (Views: 9.7ms | ActiveRecord: 0.0ms)


Started GET "/" for 127.0.0.1 at 2018-09-17 13:58:42 -0700
Started GET "/" for 127.0.0.1 at 2018-09-17 13:58:52 -0700
Started GET "/tasks" for 127.0.0.1 at 2018-09-17 13:58:52 -0700
Started GET "/" for 127.0.0.1 at 2018-09-17 13:58:52 -0700
Processing by Rails::WelcomeController#index as HTML
  Rendering /Users/nishanthmadichetti/.rvm/gems/ruby-2.5.1/gems/railties-5.2.1/lib/rails/templates/rails/welcome/index.html.erb
  Rendered /Users/nishanthmadichetti/.rvm/gems/ruby-2.5.1/gems/railties-5.2.1/lib/rails/templates/rails/welcome/index.html.erb (1.9ms)
Completed 200 OK in 7ms (Views: 4.4ms | ActiveRecord: 0.0ms)


Processing by Rails::WelcomeController#index as HTML
  Rendering /Users/nishanthmadichetti/.rvm/gems/ruby-2.5.1/gems/railties-5.2.1/lib/rails/templates/rails/welcome/index.html.erb
  Rendered /Users/nishanthmadichetti/.rvm/gems/ruby-2.5.1/gems/railties-5.2.1/lib/rails/templates/rails/welcome/index.html.erb (0.1ms)
Completed 200 OK in 9ms (Views: 4.6ms | ActiveRecord: 0.0ms)


Processing by TasksController#index as HTML
Processing by Rails::WelcomeController#index as HTML
  Rendering /Users/nishanthmadichetti/.rvm/gems/ruby-2.5.1/gems/railties-5.2.1/lib/rails/templates/rails/welcome/index.html.erb
  Rendered /Users/nishanthmadichetti/.rvm/gems/ruby-2.5.1/gems/railties-5.2.1/lib/rails/templates/rails/welcome/index.html.erb (0.1ms)
Completed 200 OK in 6ms (Views: 2.9ms | ActiveRecord: 0.0ms)


Completed 406 Not Acceptable in 116ms (ActiveRecord: 0.0ms)



ActionController::UnknownFormat - TasksController#index is missing a template for this request format and variant.

request.formats: ["text/html"]
request.variant: []

NOTE! For XHR/Ajax or API requests, this action would normally respond with 204 No Content: an empty white screen. Since you're loading it in a web browser, we assume that you expected to actually render a template, not nothing, so we're showing an error to be extra-clear. If you expect 204 No Content, carry on. That's what you'll get from an XHR or API request. Give it a shot.:

Started POST "/__better_errors/c555b52fdb44cbc1/variables" for 127.0.0.1 at 2018-09-17 13:58:52 -0700
Started GET "/tasks" for 127.0.0.1 at 2018-09-17 14:00:05 -0700
Processing by TasksController#index as HTML
  Rendering tasks/index.html.erb within layouts/application
  Rendered tasks/index.html.erb within layouts/application (0.3ms)
Completed 200 OK in 275ms (Views: 272.3ms | ActiveRecord: 0.0ms)


Started GET "/tasks" for 127.0.0.1 at 2018-09-17 14:03:19 -0700
Processing by TasksController#index as HTML
  Rendering tasks/index.html.erb within layouts/application
  Rendered tasks/index.html.erb within layouts/application (0.3ms)
Completed 200 OK in 18ms (Views: 15.8ms | ActiveRecord: 0.0ms)


Started GET "/tasks" for 127.0.0.1 at 2018-09-17 14:08:07 -0700
Processing by TasksController#index as HTML
  Rendering tasks/index.html.erb within layouts/application
  Rendered tasks/index.html.erb within layouts/application (0.4ms)
Completed 200 OK in 17ms (Views: 15.5ms | ActiveRecord: 0.0ms)


Started GET "/tasks" for 127.0.0.1 at 2018-09-17 16:02:45 -0700
Processing by TasksController#index as HTML
  Rendering tasks/index.html.erb within layouts/application
  Rendered tasks/index.html.erb within layouts/application (0.4ms)
Completed 200 OK in 21ms (Views: 19.2ms | ActiveRecord: 0.0ms)


Started GET "/tasks" for 127.0.0.1 at 2018-09-17 16:02:47 -0700
Processing by TasksController#index as HTML
  Rendering tasks/index.html.erb within layouts/application
  Rendered tasks/index.html.erb within layouts/application (0.4ms)
Completed 200 OK in 19ms (Views: 16.0ms | ActiveRecord: 0.0ms)


Started GET "/tasks/1" for 127.0.0.1 at 2018-09-17 16:02:51 -0700
  
ActionController::RoutingError (No route matches [GET] "/tasks/1"):
  
actionpack (5.2.1) lib/action_dispatch/middleware/debug_exceptions.rb:65:in `call'
web-console (3.7.0) lib/web_console/middleware.rb:135:in `call_app'
web-console (3.7.0) lib/web_console/middleware.rb:30:in `block in call'
web-console (3.7.0) lib/web_console/middleware.rb:20:in `catch'
web-console (3.7.0) lib/web_console/middleware.rb:20:in `call'
actionpack (5.2.1) lib/action_dispatch/middleware/show_exceptions.rb:33:in `call'
railties (5.2.1) lib/rails/rack/logger.rb:38:in `call_app'
railties (5.2.1) lib/rails/rack/logger.rb:26:in `block in call'
activesupport (5.2.1) lib/active_support/tagged_logging.rb:71:in `block in tagged'
activesupport (5.2.1) lib/active_support/tagged_logging.rb:28:in `tagged'
activesupport (5.2.1) lib/active_support/tagged_logging.rb:71:in `tagged'
railties (5.2.1) lib/rails/rack/logger.rb:26:in `call'
sprockets-rails (3.2.1) lib/sprockets/rails/quiet_assets.rb:13:in `call'
actionpack (5.2.1) lib/action_dispatch/middleware/remote_ip.rb:81:in `call'
actionpack (5.2.1) lib/action_dispatch/middleware/request_id.rb:27:in `call'
rack (2.0.5) lib/rack/method_override.rb:22:in `call'
rack (2.0.5) lib/rack/runtime.rb:22:in `call'
activesupport (5.2.1) lib/active_support/cache/strategy/local_cache_middleware.rb:29:in `call'
actionpack (5.2.1) lib/action_dispatch/middleware/executor.rb:14:in `call'
actionpack (5.2.1) lib/action_dispatch/middleware/static.rb:127:in `call'
rack (2.0.5) lib/rack/sendfile.rb:111:in `call'
railties (5.2.1) lib/rails/engine.rb:524:in `call'
puma (3.12.0) lib/puma/configuration.rb:225:in `call'
puma (3.12.0) lib/puma/server.rb:658:in `handle_request'
puma (3.12.0) lib/puma/server.rb:472:in `process_client'
puma (3.12.0) lib/puma/server.rb:332:in `block in run'
puma (3.12.0) lib/puma/thread_pool.rb:133:in `block in spawn_thread'
Started GET "/tasks/1" for 127.0.0.1 at 2018-09-17 16:11:24 -0700

NameError - uninitialized constant BooksController:

Started POST "/__better_errors/4816eff50650046b/variables" for 127.0.0.1 at 2018-09-17 16:11:24 -0700
Started GET "/task/1" for 127.0.0.1 at 2018-09-17 16:11:33 -0700
  
ActionController::RoutingError (No route matches [GET] "/task/1"):
  
actionpack (5.2.1) lib/action_dispatch/middleware/debug_exceptions.rb:65:in `call'
web-console (3.7.0) lib/web_console/middleware.rb:135:in `call_app'
web-console (3.7.0) lib/web_console/middleware.rb:30:in `block in call'
web-console (3.7.0) lib/web_console/middleware.rb:20:in `catch'
web-console (3.7.0) lib/web_console/middleware.rb:20:in `call'
actionpack (5.2.1) lib/action_dispatch/middleware/show_exceptions.rb:33:in `call'
railties (5.2.1) lib/rails/rack/logger.rb:38:in `call_app'
railties (5.2.1) lib/rails/rack/logger.rb:26:in `block in call'
activesupport (5.2.1) lib/active_support/tagged_logging.rb:71:in `block in tagged'
activesupport (5.2.1) lib/active_support/tagged_logging.rb:28:in `tagged'
activesupport (5.2.1) lib/active_support/tagged_logging.rb:71:in `tagged'
railties (5.2.1) lib/rails/rack/logger.rb:26:in `call'
sprockets-rails (3.2.1) lib/sprockets/rails/quiet_assets.rb:13:in `call'
actionpack (5.2.1) lib/action_dispatch/middleware/remote_ip.rb:81:in `call'
actionpack (5.2.1) lib/action_dispatch/middleware/request_id.rb:27:in `call'
rack (2.0.5) lib/rack/method_override.rb:22:in `call'
rack (2.0.5) lib/rack/runtime.rb:22:in `call'
activesupport (5.2.1) lib/active_support/cache/strategy/local_cache_middleware.rb:29:in `call'
actionpack (5.2.1) lib/action_dispatch/middleware/executor.rb:14:in `call'
actionpack (5.2.1) lib/action_dispatch/middleware/static.rb:127:in `call'
rack (2.0.5) lib/rack/sendfile.rb:111:in `call'
railties (5.2.1) lib/rails/engine.rb:524:in `call'
puma (3.12.0) lib/puma/configuration.rb:225:in `call'
puma (3.12.0) lib/puma/server.rb:658:in `handle_request'
puma (3.12.0) lib/puma/server.rb:472:in `process_client'
puma (3.12.0) lib/puma/server.rb:332:in `block in run'
puma (3.12.0) lib/puma/thread_pool.rb:133:in `block in spawn_thread'
Started POST "/__better_errors/4816eff50650046b/variables" for 127.0.0.1 at 2018-09-17 16:11:40 -0700
Started GET "/task/1" for 127.0.0.1 at 2018-09-17 16:11:53 -0700
  
ActionController::RoutingError (No route matches [GET] "/task/1"):
  
actionpack (5.2.1) lib/action_dispatch/middleware/debug_exceptions.rb:65:in `call'
web-console (3.7.0) lib/web_console/middleware.rb:135:in `call_app'
web-console (3.7.0) lib/web_console/middleware.rb:30:in `block in call'
web-console (3.7.0) lib/web_console/middleware.rb:20:in `catch'
web-console (3.7.0) lib/web_console/middleware.rb:20:in `call'
actionpack (5.2.1) lib/action_dispatch/middleware/show_exceptions.rb:33:in `call'
railties (5.2.1) lib/rails/rack/logger.rb:38:in `call_app'
railties (5.2.1) lib/rails/rack/logger.rb:26:in `block in call'
activesupport (5.2.1) lib/active_support/tagged_logging.rb:71:in `block in tagged'
activesupport (5.2.1) lib/active_support/tagged_logging.rb:28:in `tagged'
activesupport (5.2.1) lib/active_support/tagged_logging.rb:71:in `tagged'
railties (5.2.1) lib/rails/rack/logger.rb:26:in `call'
sprockets-rails (3.2.1) lib/sprockets/rails/quiet_assets.rb:13:in `call'
actionpack (5.2.1) lib/action_dispatch/middleware/remote_ip.rb:81:in `call'
actionpack (5.2.1) lib/action_dispatch/middleware/request_id.rb:27:in `call'
rack (2.0.5) lib/rack/method_override.rb:22:in `call'
rack (2.0.5) lib/rack/runtime.rb:22:in `call'
activesupport (5.2.1) lib/active_support/cache/strategy/local_cache_middleware.rb:29:in `call'
actionpack (5.2.1) lib/action_dispatch/middleware/executor.rb:14:in `call'
actionpack (5.2.1) lib/action_dispatch/middleware/static.rb:127:in `call'
rack (2.0.5) lib/rack/sendfile.rb:111:in `call'
railties (5.2.1) lib/rails/engine.rb:524:in `call'
puma (3.12.0) lib/puma/configuration.rb:225:in `call'
puma (3.12.0) lib/puma/server.rb:658:in `handle_request'
puma (3.12.0) lib/puma/server.rb:472:in `process_client'
puma (3.12.0) lib/puma/server.rb:332:in `block in run'
puma (3.12.0) lib/puma/thread_pool.rb:133:in `block in spawn_thread'
Started GET "/task/1" for 127.0.0.1 at 2018-09-17 16:13:10 -0700
  
ActionController::RoutingError (No route matches [GET] "/task/1"):
  
actionpack (5.2.1) lib/action_dispatch/middleware/debug_exceptions.rb:65:in `call'
web-console (3.7.0) lib/web_console/middleware.rb:135:in `call_app'
web-console (3.7.0) lib/web_console/middleware.rb:30:in `block in call'
web-console (3.7.0) lib/web_console/middleware.rb:20:in `catch'
web-console (3.7.0) lib/web_console/middleware.rb:20:in `call'
actionpack (5.2.1) lib/action_dispatch/middleware/show_exceptions.rb:33:in `call'
railties (5.2.1) lib/rails/rack/logger.rb:38:in `call_app'
railties (5.2.1) lib/rails/rack/logger.rb:26:in `block in call'
activesupport (5.2.1) lib/active_support/tagged_logging.rb:71:in `block in tagged'
activesupport (5.2.1) lib/active_support/tagged_logging.rb:28:in `tagged'
activesupport (5.2.1) lib/active_support/tagged_logging.rb:71:in `tagged'
railties (5.2.1) lib/rails/rack/logger.rb:26:in `call'
sprockets-rails (3.2.1) lib/sprockets/rails/quiet_assets.rb:13:in `call'
actionpack (5.2.1) lib/action_dispatch/middleware/remote_ip.rb:81:in `call'
actionpack (5.2.1) lib/action_dispatch/middleware/request_id.rb:27:in `call'
rack (2.0.5) lib/rack/method_override.rb:22:in `call'
rack (2.0.5) lib/rack/runtime.rb:22:in `call'
activesupport (5.2.1) lib/active_support/cache/strategy/local_cache_middleware.rb:29:in `call'
actionpack (5.2.1) lib/action_dispatch/middleware/executor.rb:14:in `call'
actionpack (5.2.1) lib/action_dispatch/middleware/static.rb:127:in `call'
rack (2.0.5) lib/rack/sendfile.rb:111:in `call'
railties (5.2.1) lib/rails/engine.rb:524:in `call'
puma (3.12.0) lib/puma/configuration.rb:225:in `call'
puma (3.12.0) lib/puma/server.rb:658:in `handle_request'
puma (3.12.0) lib/puma/server.rb:472:in `process_client'
puma (3.12.0) lib/puma/server.rb:332:in `block in run'
puma (3.12.0) lib/puma/thread_pool.rb:133:in `block in spawn_thread'
Started GET "/task/1" for 127.0.0.1 at 2018-09-17 16:13:11 -0700
  
ActionController::RoutingError (No route matches [GET] "/task/1"):
  
actionpack (5.2.1) lib/action_dispatch/middleware/debug_exceptions.rb:65:in `call'
web-console (3.7.0) lib/web_console/middleware.rb:135:in `call_app'
web-console (3.7.0) lib/web_console/middleware.rb:30:in `block in call'
web-console (3.7.0) lib/web_console/middleware.rb:20:in `catch'
web-console (3.7.0) lib/web_console/middleware.rb:20:in `call'
actionpack (5.2.1) lib/action_dispatch/middleware/show_exceptions.rb:33:in `call'
railties (5.2.1) lib/rails/rack/logger.rb:38:in `call_app'
railties (5.2.1) lib/rails/rack/logger.rb:26:in `block in call'
activesupport (5.2.1) lib/active_support/tagged_logging.rb:71:in `block in tagged'
activesupport (5.2.1) lib/active_support/tagged_logging.rb:28:in `tagged'
activesupport (5.2.1) lib/active_support/tagged_logging.rb:71:in `tagged'
railties (5.2.1) lib/rails/rack/logger.rb:26:in `call'
sprockets-rails (3.2.1) lib/sprockets/rails/quiet_assets.rb:13:in `call'
actionpack (5.2.1) lib/action_dispatch/middleware/remote_ip.rb:81:in `call'
actionpack (5.2.1) lib/action_dispatch/middleware/request_id.rb:27:in `call'
rack (2.0.5) lib/rack/method_override.rb:22:in `call'
rack (2.0.5) lib/rack/runtime.rb:22:in `call'
activesupport (5.2.1) lib/active_support/cache/strategy/local_cache_middleware.rb:29:in `call'
actionpack (5.2.1) lib/action_dispatch/middleware/executor.rb:14:in `call'
actionpack (5.2.1) lib/action_dispatch/middleware/static.rb:127:in `call'
rack (2.0.5) lib/rack/sendfile.rb:111:in `call'
railties (5.2.1) lib/rails/engine.rb:524:in `call'
puma (3.12.0) lib/puma/configuration.rb:225:in `call'
puma (3.12.0) lib/puma/server.rb:658:in `handle_request'
puma (3.12.0) lib/puma/server.rb:472:in `process_client'
puma (3.12.0) lib/puma/server.rb:332:in `block in run'
puma (3.12.0) lib/puma/thread_pool.rb:133:in `block in spawn_thread'
Started GET "/task/1" for 127.0.0.1 at 2018-09-17 16:13:57 -0700
  
ActionController::RoutingError (No route matches [GET] "/task/1"):
  
actionpack (5.2.1) lib/action_dispatch/middleware/debug_exceptions.rb:65:in `call'
web-console (3.7.0) lib/web_console/middleware.rb:135:in `call_app'
web-console (3.7.0) lib/web_console/middleware.rb:30:in `block in call'
web-console (3.7.0) lib/web_console/middleware.rb:20:in `catch'
web-console (3.7.0) lib/web_console/middleware.rb:20:in `call'
actionpack (5.2.1) lib/action_dispatch/middleware/show_exceptions.rb:33:in `call'
railties (5.2.1) lib/rails/rack/logger.rb:38:in `call_app'
railties (5.2.1) lib/rails/rack/logger.rb:26:in `block in call'
activesupport (5.2.1) lib/active_support/tagged_logging.rb:71:in `block in tagged'
activesupport (5.2.1) lib/active_support/tagged_logging.rb:28:in `tagged'
activesupport (5.2.1) lib/active_support/tagged_logging.rb:71:in `tagged'
railties (5.2.1) lib/rails/rack/logger.rb:26:in `call'
sprockets-rails (3.2.1) lib/sprockets/rails/quiet_assets.rb:13:in `call'
actionpack (5.2.1) lib/action_dispatch/middleware/remote_ip.rb:81:in `call'
actionpack (5.2.1) lib/action_dispatch/middleware/request_id.rb:27:in `call'
rack (2.0.5) lib/rack/method_override.rb:22:in `call'
rack (2.0.5) lib/rack/runtime.rb:22:in `call'
activesupport (5.2.1) lib/active_support/cache/strategy/local_cache_middleware.rb:29:in `call'
actionpack (5.2.1) lib/action_dispatch/middleware/executor.rb:14:in `call'
actionpack (5.2.1) lib/action_dispatch/middleware/static.rb:127:in `call'
rack (2.0.5) lib/rack/sendfile.rb:111:in `call'
railties (5.2.1) lib/rails/engine.rb:524:in `call'
puma (3.12.0) lib/puma/configuration.rb:225:in `call'
puma (3.12.0) lib/puma/server.rb:658:in `handle_request'
puma (3.12.0) lib/puma/server.rb:472:in `process_client'
puma (3.12.0) lib/puma/server.rb:332:in `block in run'
puma (3.12.0) lib/puma/thread_pool.rb:133:in `block in spawn_thread'
Started GET "/tasks/1" for 127.0.0.1 at 2018-09-17 16:14:05 -0700

NameError - uninitialized constant BooksController:

Started POST "/__better_errors/f43a7377ad367cc9/variables" for 127.0.0.1 at 2018-09-17 16:14:05 -0700
Started GET "/tasks/1" for 127.0.0.1 at 2018-09-17 16:15:04 -0700
Processing by TasksController#show as HTML
  Parameters: {"id"=>"1"}
  Rendering tasks/show.html.erb within layouts/application
  Rendered tasks/show.html.erb within layouts/application (0.4ms)
Completed 200 OK in 21ms (Views: 18.6ms | ActiveRecord: 0.0ms)


Started GET "/tasks/1" for 127.0.0.1 at 2018-09-17 16:15:59 -0700
Processing by TasksController#show as HTML
  Parameters: {"id"=>"1"}
  Rendering tasks/show.html.erb within layouts/application
  Rendered tasks/show.html.erb within layouts/application (0.3ms)
Completed 200 OK in 20ms (Views: 17.6ms | ActiveRecord: 0.0ms)


Started GET "/tasks/2" for 127.0.0.1 at 2018-09-17 16:16:31 -0700
Processing by TasksController#show as HTML
  Parameters: {"id"=>"2"}
  Rendering tasks/show.html.erb within layouts/application
  Rendered tasks/show.html.erb within layouts/application (0.3ms)
Completed 200 OK in 20ms (Views: 16.9ms | ActiveRecord: 0.0ms)


Started GET "/tasks/3" for 127.0.0.1 at 2018-09-17 16:16:34 -0700
Processing by TasksController#show as HTML
  Parameters: {"id"=>"3"}
  Rendering tasks/show.html.erb within layouts/application
  Rendered tasks/show.html.erb within layouts/application (3.1ms)
Completed 500 Internal Server Error in 10ms (ActiveRecord: 0.0ms)



NoMethodError - undefined method `[]' for nil:NilClass:
  app/views/tasks/show.html.erb:3:in `_app_views_tasks_show_html_erb__612637068205321114_70184591125220'

Started POST "/__better_errors/5c2b21883323d102/variables" for 127.0.0.1 at 2018-09-17 16:16:34 -0700
Started GET "/tasks/1" for 127.0.0.1 at 2018-09-17 16:16:37 -0700
Processing by TasksController#show as HTML
  Parameters: {"id"=>"1"}
  Rendering tasks/show.html.erb within layouts/application
  Rendered tasks/show.html.erb within layouts/application (0.4ms)
Completed 200 OK in 22ms (Views: 19.3ms | ActiveRecord: 0.0ms)


Started GET "/tasks" for 127.0.0.1 at 2018-09-17 16:16:48 -0700
Processing by TasksController#index as HTML
  Rendering tasks/index.html.erb within layouts/application
  Rendered tasks/index.html.erb within layouts/application (0.4ms)
Completed 200 OK in 23ms (Views: 20.6ms | ActiveRecord: 0.0ms)


Started GET "/tasks/1" for 127.0.0.1 at 2018-09-17 16:16:52 -0700
Processing by TasksController#show as HTML
  Parameters: {"id"=>"1"}
  Rendering tasks/show.html.erb within layouts/application
  Rendered tasks/show.html.erb within layouts/application (0.4ms)
Completed 200 OK in 25ms (Views: 22.4ms | ActiveRecord: 0.0ms)


Started GET "/tasks" for 127.0.0.1 at 2018-09-17 16:17:01 -0700
Processing by TasksController#index as HTML
  Rendering tasks/index.html.erb within layouts/application
  Rendered tasks/index.html.erb within layouts/application (0.3ms)
Completed 200 OK in 31ms (Views: 29.3ms | ActiveRecord: 0.0ms)


Started GET "/tasks/1" for 127.0.0.1 at 2018-09-17 16:17:05 -0700
Processing by TasksController#show as HTML
  Parameters: {"id"=>"1"}
  Rendering tasks/show.html.erb within layouts/application
  Rendered tasks/show.html.erb within layouts/application (0.4ms)
Completed 200 OK in 25ms (Views: 22.7ms | ActiveRecord: 0.0ms)


Started GET "/tasks" for 127.0.0.1 at 2018-09-17 16:17:32 -0700
Processing by TasksController#index as HTML
  Rendering tasks/index.html.erb within layouts/application
  Rendered tasks/index.html.erb within layouts/application (0.6ms)
Completed 200 OK in 24ms (Views: 21.9ms | ActiveRecord: 0.0ms)


Started GET "/tasks/1" for 127.0.0.1 at 2018-09-17 16:17:38 -0700
Processing by TasksController#show as HTML
  Parameters: {"id"=>"1"}
  Rendering tasks/show.html.erb within layouts/application
  Rendered tasks/show.html.erb within layouts/application (0.3ms)
Completed 200 OK in 26ms (Views: 23.7ms | ActiveRecord: 0.0ms)


Started GET "/tasks/0" for 127.0.0.1 at 2018-09-17 16:17:58 -0700
Processing by TasksController#show as HTML
  Parameters: {"id"=>"0"}
  Rendering tasks/show.html.erb within layouts/application
  Rendered tasks/show.html.erb within layouts/application (0.4ms)
Completed 200 OK in 25ms (Views: 22.9ms | ActiveRecord: 0.0ms)


Started GET "/tasks/1" for 127.0.0.1 at 2018-09-17 16:19:06 -0700
Processing by TasksController#show as HTML
  Parameters: {"id"=>"1"}
  Rendering tasks/show.html.erb within layouts/application
  Rendered tasks/show.html.erb within layouts/application (0.5ms)
Completed 200 OK in 22ms (Views: 19.4ms | ActiveRecord: 0.0ms)


Started GET "/tasks/3" for 127.0.0.1 at 2018-09-17 16:19:08 -0700
Processing by TasksController#show as HTML
  Parameters: {"id"=>"3"}
  Rendering tasks/show.html.erb within layouts/application
  Rendered tasks/show.html.erb within layouts/application (3.0ms)
Completed 500 Internal Server Error in 10ms (ActiveRecord: 0.0ms)



NoMethodError - undefined method `[]' for nil:NilClass:
  app/views/tasks/show.html.erb:3:in `_app_views_tasks_show_html_erb__612637068205321114_70184633310960'

Started POST "/__better_errors/d74edd2740a06673/variables" for 127.0.0.1 at 2018-09-17 16:19:08 -0700
Started GET "/tasks/3" for 127.0.0.1 at 2018-09-17 16:20:28 -0700
Processing by TasksController#show as HTML
  Parameters: {"id"=>"3"}
Completed 404 Not Found in 1ms (ActiveRecord: 0.0ms)


Started GET "/tasks/1" for 127.0.0.1 at 2018-09-17 16:24:07 -0700
Processing by TasksController#show as HTML
  Parameters: {"id"=>"1"}
  Rendering tasks/show.html.erb within layouts/application
  Rendered tasks/show.html.erb within layouts/application (0.3ms)
Completed 200 OK in 24ms (Views: 21.6ms | ActiveRecord: 0.0ms)


Started GET "/tasks" for 127.0.0.1 at 2018-09-17 16:24:16 -0700
Processing by TasksController#index as HTML
  Rendering tasks/index.html.erb within layouts/application
  Rendered tasks/index.html.erb within layouts/application (0.5ms)
Completed 200 OK in 24ms (Views: 21.6ms | ActiveRecord: 0.0ms)


Started GET "/tasks" for 127.0.0.1 at 2018-09-17 16:25:04 -0700
Processing by TasksController#index as HTML
  Rendering tasks/index.html.erb within layouts/application
  Rendered tasks/index.html.erb within layouts/application (0.4ms)
Completed 200 OK in 34ms (Views: 31.7ms | ActiveRecord: 0.0ms)


Started GET "/tasks/1" for 127.0.0.1 at 2018-09-17 16:25:07 -0700
Processing by TasksController#show as HTML
  Parameters: {"id"=>"1"}
  Rendering tasks/show.html.erb within layouts/application
  Rendered tasks/show.html.erb within layouts/application (0.4ms)
Completed 200 OK in 28ms (Views: 24.8ms | ActiveRecord: 0.0ms)


Started GET "/tasks/1" for 127.0.0.1 at 2018-09-17 16:25:43 -0700
Processing by TasksController#show as HTML
  Parameters: {"id"=>"1"}
  Rendering tasks/show.html.erb within layouts/application
  Rendered tasks/show.html.erb within layouts/application (0.4ms)
Completed 200 OK in 31ms (Views: 29.2ms | ActiveRecord: 0.0ms)


Started GET "/tasks/1" for 127.0.0.1 at 2018-09-17 16:25:45 -0700
Processing by TasksController#show as HTML
  Parameters: {"id"=>"1"}
  Rendering tasks/show.html.erb within layouts/application
  Rendered tasks/show.html.erb within layouts/application (0.4ms)
Completed 200 OK in 19ms (Views: 16.6ms | ActiveRecord: 0.0ms)


Started GET "/tasks/1" for 127.0.0.1 at 2018-09-17 16:26:16 -0700
Processing by TasksController#show as HTML
  Parameters: {"id"=>"1"}
  Rendering tasks/show.html.erb within layouts/application
  Rendered tasks/show.html.erb within layouts/application (0.3ms)
Completed 200 OK in 38ms (Views: 35.7ms | ActiveRecord: 0.0ms)


Started GET "/tasks/1" for 127.0.0.1 at 2018-09-17 16:26:17 -0700
Processing by TasksController#show as HTML
  Parameters: {"id"=>"1"}
  Rendering tasks/show.html.erb within layouts/application
  Rendered tasks/show.html.erb within layouts/application (0.3ms)
Completed 200 OK in 19ms (Views: 16.5ms | ActiveRecord: 0.0ms)


Started GET "/tasks/1" for 127.0.0.1 at 2018-09-17 16:26:53 -0700
Processing by TasksController#show as HTML
  Parameters: {"id"=>"1"}
  Rendering tasks/show.html.erb within layouts/application
  Rendered tasks/show.html.erb within layouts/application (0.7ms)
Completed 200 OK in 32ms (Views: 29.7ms | ActiveRecord: 0.0ms)


Started GET "/tasks/1" for 127.0.0.1 at 2018-09-17 16:27:13 -0700
Processing by TasksController#show as HTML
  Parameters: {"id"=>"1"}
  Rendering tasks/show.html.erb within layouts/application
  Rendered tasks/show.html.erb within layouts/application (0.4ms)
Completed 200 OK in 38ms (Views: 35.3ms | ActiveRecord: 0.0ms)


Started GET "/tasks/1" for 127.0.0.1 at 2018-09-17 16:28:29 -0700
Processing by TasksController#show as HTML
  Parameters: {"id"=>"1"}
  Rendering tasks/show.html.erb within layouts/application
  Rendered tasks/show.html.erb within layouts/application (0.3ms)
Completed 200 OK in 25ms (Views: 23.1ms | ActiveRecord: 0.0ms)


Started GET "/tasks" for 127.0.0.1 at 2018-09-17 16:28:34 -0700
Processing by TasksController#index as HTML
  Rendering tasks/index.html.erb within layouts/application
  Rendered tasks/index.html.erb within layouts/application (0.4ms)
Completed 200 OK in 22ms (Views: 19.7ms | ActiveRecord: 0.0ms)


Started GET "/tasks" for 127.0.0.1 at 2018-09-17 16:28:54 -0700
Processing by TasksController#index as HTML
  Rendering tasks/index.html.erb within layouts/application
  Rendered tasks/index.html.erb within layouts/application (0.4ms)
Completed 200 OK in 30ms (Views: 27.8ms | ActiveRecord: 0.0ms)


Started GET "/tasks/1" for 127.0.0.1 at 2018-09-17 16:29:02 -0700
Processing by TasksController#show as HTML
  Parameters: {"id"=>"1"}
  Rendering tasks/show.html.erb within layouts/application
  Rendered tasks/show.html.erb within layouts/application (0.4ms)
Completed 200 OK in 21ms (Views: 18.7ms | ActiveRecord: 0.0ms)


